src/network.cpp: In member function ‘void Network::add_at(std::istream&)’:
src/network.cpp:44:32: error: invalid initialization of reference of type ‘const string& {aka const std::basic_string<char>&}’ from expression of type ‘std::istream {aka std::basic_istream<char>}’
src/network.cpp:9:6: error: in passing argument 1 of ‘void split_at(const string&, int&, int&)’
src/network.cpp: In function ‘void add_closeness(int, int)’:
src/network.cpp:69:18: error: no matching function for call to ‘find(int&)’
src/network.cpp:69:18: note: candidate is:
In file included from /usr/include/c++/4.7/bits/locale_facets.h:50:0,
                 from /usr/include/c++/4.7/bits/basic_ios.h:39,
                 from /usr/include/c++/4.7/ios:45,
                 from /usr/include/c++/4.7/ostream:40,
                 from /usr/include/c++/4.7/iostream:40,
                 from src/network.h:4,
                 from src/network.cpp:1:
/usr/include/c++/4.7/bits/streambuf_iterator.h:371:5: note: template<class _CharT2> typename __gnu_cxx::__enable_if<std::__is_char<_CharT2>::__value, std::istreambuf_iterator<_CharT2, std::char_traits<_CharT> > >::__type std::find(std::istreambuf_iterator<_CharT2, std::char_traits<_CharT> >, std::istreambuf_iterator<_CharT2, std::char_traits<_CharT> >, const _CharT2&)
/usr/include/c++/4.7/bits/streambuf_iterator.h:371:5: note:   template argument deduction/substitution failed:
src/network.cpp:69:18: note:   mismatched types ‘std::istreambuf_iterator<_CharT2, std::char_traits<_CharT> >’ and ‘int’
src/network.cpp:72:18: error: no matching function for call to ‘find(int&)’
src/network.cpp:72:18: note: candidate is:
In file included from /usr/include/c++/4.7/bits/locale_facets.h:50:0,
                 from /usr/include/c++/4.7/bits/basic_ios.h:39,
                 from /usr/include/c++/4.7/ios:45,
                 from /usr/include/c++/4.7/ostream:40,
                 from /usr/include/c++/4.7/iostream:40,
                 from src/network.h:4,
                 from src/network.cpp:1:
/usr/include/c++/4.7/bits/streambuf_iterator.h:371:5: note: template<class _CharT2> typename __gnu_cxx::__enable_if<std::__is_char<_CharT2>::__value, std::istreambuf_iterator<_CharT2, std::char_traits<_CharT> > >::__type std::find(std::istreambuf_iterator<_CharT2, std::char_traits<_CharT> >, std::istreambuf_iterator<_CharT2, std::char_traits<_CharT> >, const _CharT2&)
/usr/include/c++/4.7/bits/streambuf_iterator.h:371:5: note:   template argument deduction/substitution failed:
src/network.cpp:72:18: note:   mismatched types ‘std::istreambuf_iterator<_CharT2, std::char_traits<_CharT> >’ and ‘int’
make: *** [src/network.o] Error 1
